2026-02-12 12:41:09:419 [32minfo[39m: [32mServer running on http://localhost:3000[39m
2026-02-12 12:51:25:5125 [32minfo[39m: [32mServer running on http://localhost:3000[39m
2026-02-12 12:53:07:537 [32minfo[39m: [32mServer running on port 3000[39m
2026-02-12 12:53:26:5326 [32minfo[39m: [32mServer running on port 3000[39m
2026-02-13 10:24:37:2437 [32minfo[39m: [32mServer running on port 3000[39m
2026-02-13 10:24:38:2438 [32minfo[39m: [32mMongoDB Connected: localhost[39m
2026-02-13 10:33:33:3333 [32minfo[39m: [32mServer running on port 3000[39m
2026-02-13 10:33:33:3333 [31merror[39m: [31mError: bad auth : Authentication failed.[39m
2026-02-13 10:35:11:3511 [32minfo[39m: [32mServer running on port 3000[39m
2026-02-13 10:35:11:3511 [31merror[39m: [31mError: bad auth : Authentication failed.[39m
2026-02-13 10:37:14:3714 [32minfo[39m: [32mServer running on port 3000[39m
2026-02-13 10:37:14:3714 [32minfo[39m: [32mMongoDB Connected: ac-a2teag1-shard-00-00.rspesuw.mongodb.net[39m
2026-02-13 10:38:10:3810 [32minfo[39m: [32mServer running on port 3000[39m
2026-02-13 10:38:10:3810 [31merror[39m: [31mError: bad auth : authentication failed[39m
2026-02-13 10:39:34:3934 [32minfo[39m: [32mServer running on port 3000[39m
2026-02-13 10:39:35:3935 [32minfo[39m: [32mMongoDB Connected: ac-a2teag1-shard-00-00.rspesuw.mongodb.net[39m
2026-02-13 15:23:42:2342 [32minfo[39m: [32mServer running on port 8080[39m
2026-02-13 15:23:42:2342 [31merror[39m: [31mError: querySrv ENOTFOUND _mongodb._tcp.cluster0.rspesuw.mongodb.net[39m
2026-02-13 15:44:12:4412 [32minfo[39m: [32mServer running on port 8080[39m
2026-02-13 15:44:12:4412 [31merror[39m: [31mMongoDB Connection Failed: querySrv ENOTFOUND _mongodb._tcp.cluster0.rspesuw.mongodb.net[39m
2026-02-13 15:44:12:4412 [33mwarn[39m: [33mServer will continue without database. Auth features requiring DB will fail.[39m
2026-02-13 15:44:32:4432 [35mhttp[39m: [35mGET /auth/google 302 0 - 2.902 ms[39m
2026-02-13 15:44:40:4440 [35mhttp[39m: [35mGET /auth/google 302 0 - 0.963 ms[39m
2026-02-13 15:48:07:487 [35mhttp[39m: [35mGET /auth/google 302 0 - 1.931 ms[39m
2026-02-13 15:48:15:4815 [35mhttp[39m: [35mGET /auth/google 302 0 - 0.493 ms[39m
2026-02-13 15:49:57:4957 [35mhttp[39m: [35mGET /auth/google 302 0 - 2.754 ms[39m
2026-02-13 15:50:16:5016 [31merror[39m: [31mError in Google Strategy: MongooseError: Operation `users.findOne()` buffering timed out after 10000ms[39m
2026-02-13 15:50:16:5016 [35mhttp[39m: [35mGET /auth/google/callback?code=4%2F0ASc3gC260qeWb6JBXuJzo1wvXntpnzcxWbjxyFoq8VhZRK8s784yml84cFGYYLQCy5iJ2w&scope=email+profile+https%3A%2F%2Fwww.googleapis.com%2Fauth%2Fuserinfo.profile+https%3A%2F%2Fwww.googleapis.com%2Fauth%2Fuserinfo.email+openid&authuser=0&prompt=consent 500 504 - 10463.367 ms[39m
2026-02-13 15:59:13:5913 [35mhttp[39m: [35mGET /auth/google 302 0 - 6.544 ms[39m
2026-02-13 15:59:22:5922 [35mhttp[39m: [35mGET /auth/google 302 0 - 1.987 ms[39m
2026-02-13 15:59:35:5935 [31merror[39m: [31mError in Google Strategy: MongooseError: Operation `users.findOne()` buffering timed out after 10000ms[39m
2026-02-13 15:59:35:5935 [35mhttp[39m: [35mGET /auth/google/callback?code=4%2F0ASc3gC1XqMfpVCytAhvMYjPDV93wP0hL47Tk1sQvqdqfmO-BecSp-cvw8i3Z1nBepd5W8Q&scope=email+profile+https%3A%2F%2Fwww.googleapis.com%2Fauth%2Fuserinfo.email+https%3A%2F%2Fwww.googleapis.com%2Fauth%2Fuserinfo.profile+openid&authuser=0&prompt=none 500 504 - 10309.054 ms[39m
2026-02-13 16:01:35:135 [32minfo[39m: [32mServer running on port 8080[39m
2026-02-13 16:01:35:135 [32minfo[39m: [32mMongoDB Connected: ac-5sllm8i-shard-00-00.jel6d6t.mongodb.net[39m
2026-02-13 16:01:49:149 [35mhttp[39m: [35mGET /auth/google 302 0 - 4.845 ms[39m
2026-02-13 16:01:53:153 [35mhttp[39m: [35mGET /auth/google/callback?code=4%2F0ASc3gC3VyHUpzHlk-PZDlB2kK38RpjW8NX641_rbuHAlwNEtigQdvUzxc2jFOOyH5muh-g&scope=email+profile+https%3A%2F%2Fwww.googleapis.com%2Fauth%2Fuserinfo.email+https%3A%2F%2Fwww.googleapis.com%2Fauth%2Fuserinfo.profile+openid&authuser=0&prompt=none 302 313 - 370.482 ms[39m
2026-02-13 16:02:27:227 [35mhttp[39m: [35mGET /auth/google/callback?code=4%2F0ASc3gC2F6tf1V6I5dAYWSwDI0r3IRsNrxp3-w-LzvQ9uKWhy0eHtGAHedFN2k1vuv07jEQ&scope=email+profile+openid+https%3A%2F%2Fwww.googleapis.com%2Fauth%2Fuserinfo.profile+https%3A%2F%2Fwww.googleapis.com%2Fauth%2Fuserinfo.email&authuser=0&prompt=none 302 313 - 261.077 ms[39m
